This file contains any messages produced by compilers while
running configure, to aid debugging if configure makes a mistake.

It was created by Mide configure 0.1, which was
generated by GNU Autoconf 2.68.  Invocation command line was

  $ ./configure 

## --------- ##
## Platform. ##
## --------- ##

hostname = bijan-P5KC
uname -m = x86_64
uname -r = 3.0.0-14-generic
uname -s = Linux
uname -v = #23-Ubuntu SMP Mon Nov 21 20:28:43 UTC 2011

/usr/bin/uname -p = unknown
/bin/uname -X     = unknown

/bin/arch              = unknown
/usr/bin/arch -k       = unknown
/usr/convex/getsysinfo = unknown
/usr/bin/hostinfo      = unknown
/bin/machine           = unknown
/usr/bin/oslevel       = unknown
/bin/universe          = unknown

PATH: /usr/lib/lightdm/lightdm
PATH: /usr/local/sbin
PATH: /usr/local/bin
PATH: /usr/sbin
PATH: /usr/bin
PATH: /sbin
PATH: /bin
PATH: /usr/games


## ----------- ##
## Core tests. ##
## ----------- ##

configure:2282: checking for a BSD-compatible install
configure:2350: result: /usr/bin/install -c
configure:2361: checking whether build environment is sane
configure:2411: result: yes
configure:2552: checking for a thread-safe mkdir -p
configure:2591: result: /bin/mkdir -p
configure:2604: checking for gawk
configure:2634: result: no
configure:2604: checking for mawk
configure:2620: found /usr/bin/mawk
configure:2631: result: mawk
configure:2642: checking whether make sets $(MAKE)
configure:2664: result: yes
configure:2776: checking build system type
configure:2790: result: x86_64-unknown-linux-gnu
configure:2810: checking host system type
configure:2823: result: x86_64-unknown-linux-gnu
configure:2864: checking how to print strings
configure:2891: result: printf
configure:2924: checking for style of include used by make
configure:2952: result: GNU
configure:3022: checking for gcc
configure:3038: found /usr/bin/gcc
configure:3049: result: gcc
configure:3278: checking for C compiler version
configure:3287: gcc --version >&5
gcc (Ubuntu/Linaro 4.6.1-9ubuntu3) 4.6.1
Copyright (C) 2011 Free Software Foundation, Inc.
This is free software; see the source for copying conditions.  There is NO
warranty; not even for MERCHANTABILITY or FITNESS FOR A PARTICULAR PURPOSE.

configure:3298: $? = 0
configure:3287: gcc -v >&5
Using built-in specs.
COLLECT_GCC=gcc
COLLECT_LTO_WRAPPER=/usr/lib/gcc/x86_64-linux-gnu/4.6.1/lto-wrapper
Target: x86_64-linux-gnu
Configured with: ../src/configure -v --with-pkgversion='Ubuntu/Linaro 4.6.1-9ubuntu3' --with-bugurl=file:///usr/share/doc/gcc-4.6/README.Bugs --enable-languages=c,c++,fortran,objc,obj-c++,go --prefix=/usr --program-suffix=-4.6 --enable-shared --enable-linker-build-id --with-system-zlib --libexecdir=/usr/lib --without-included-gettext --enable-threads=posix --with-gxx-include-dir=/usr/include/c++/4.6 --libdir=/usr/lib --enable-nls --with-sysroot=/ --enable-clocale=gnu --enable-libstdcxx-debug --enable-libstdcxx-time=yes --enable-plugin --enable-objc-gc --disable-werror --with-arch-32=i686 --with-tune=generic --enable-checking=release --build=x86_64-linux-gnu --host=x86_64-linux-gnu --target=x86_64-linux-gnu
Thread model: posix
gcc version 4.6.1 (Ubuntu/Linaro 4.6.1-9ubuntu3) 
configure:3298: $? = 0
configure:3287: gcc -V >&5
gcc: error: unrecognized option '-V'
gcc: fatal error: no input files
compilation terminated.
configure:3298: $? = 4
configure:3287: gcc -qversion >&5
gcc: error: unrecognized option '-qversion'
gcc: fatal error: no input files
compilation terminated.
configure:3298: $? = 4
configure:3318: checking whether the C compiler works
configure:3340: gcc    conftest.c  >&5
configure:3344: $? = 0
configure:3392: result: yes
configure:3395: checking for C compiler default output file name
configure:3397: result: a.out
configure:3403: checking for suffix of executables
configure:3410: gcc -o conftest    conftest.c  >&5
configure:3414: $? = 0
configure:3436: result: 
configure:3458: checking whether we are cross compiling
configure:3466: gcc -o conftest    conftest.c  >&5
configure:3470: $? = 0
configure:3477: ./conftest
configure:3481: $? = 0
configure:3496: result: no
configure:3501: checking for suffix of object files
configure:3523: gcc -c   conftest.c >&5
configure:3527: $? = 0
configure:3548: result: o
configure:3552: checking whether we are using the GNU C compiler
configure:3571: gcc -c   conftest.c >&5
configure:3571: $? = 0
configure:3580: result: yes
configure:3589: checking whether gcc accepts -g
configure:3609: gcc -c -g  conftest.c >&5
configure:3609: $? = 0
configure:3650: result: yes
configure:3667: checking for gcc option to accept ISO C89
configure:3731: gcc  -c -g -O2  conftest.c >&5
configure:3731: $? = 0
configure:3744: result: none needed
configure:3766: checking dependency style of gcc
configure:3876: result: gcc3
configure:3891: checking for a sed that does not truncate output
configure:3955: result: /bin/sed
configure:3973: checking for grep that handles long lines and -e
configure:4031: result: /bin/grep
configure:4036: checking for egrep
configure:4098: result: /bin/grep -E
configure:4103: checking for fgrep
configure:4165: result: /bin/grep -F
configure:4200: checking for ld used by gcc
configure:4267: result: /usr/bin/ld
configure:4274: checking if the linker (/usr/bin/ld) is GNU ld
configure:4289: result: yes
configure:4301: checking for BSD- or MS-compatible name lister (nm)
configure:4350: result: /usr/bin/nm -B
configure:4480: checking the name lister (/usr/bin/nm -B) interface
configure:4487: gcc -c -g -O2  conftest.c >&5
configure:4490: /usr/bin/nm -B "conftest.o"
configure:4493: output
0000000000000000 B some_variable
configure:4500: result: BSD nm
configure:4503: checking whether ln -s works
configure:4507: result: yes
configure:4515: checking the maximum length of command line arguments
configure:4640: result: 1572864
configure:4657: checking whether the shell understands some XSI constructs
configure:4667: result: yes
configure:4671: checking whether the shell understands "+="
configure:4677: result: yes
configure:4712: checking how to convert x86_64-unknown-linux-gnu file names to x86_64-unknown-linux-gnu format
configure:4752: result: func_convert_file_noop
configure:4759: checking how to convert x86_64-unknown-linux-gnu file names to toolchain format
configure:4779: result: func_convert_file_noop
configure:4786: checking for /usr/bin/ld option to reload object files
configure:4793: result: -r
configure:4867: checking for objdump
configure:4883: found /usr/bin/objdump
configure:4894: result: objdump
configure:4926: checking how to recognize dependent libraries
configure:5128: result: pass_all
configure:5213: checking for dlltool
configure:5243: result: no
configure:5273: checking how to associate runtime and link libraries
configure:5300: result: printf %s\n
configure:5361: checking for ar
configure:5377: found /usr/bin/ar
configure:5388: result: ar
configure:5425: checking for archiver @FILE support
configure:5442: gcc -c -g -O2  conftest.c >&5
configure:5442: $? = 0
configure:5445: ar cru libconftest.a @conftest.lst >&5
configure:5448: $? = 0
configure:5453: ar cru libconftest.a @conftest.lst >&5
ar: conftest.o: No such file or directory
configure:5456: $? = 1
configure:5468: result: @
configure:5526: checking for strip
configure:5542: found /usr/bin/strip
configure:5553: result: strip
configure:5625: checking for ranlib
configure:5641: found /usr/bin/ranlib
configure:5652: result: ranlib
configure:5754: checking command to parse /usr/bin/nm -B output from gcc object
configure:5873: gcc -c -g -O2  conftest.c >&5
configure:5876: $? = 0
configure:5880: /usr/bin/nm -B conftest.o \| sed -n -e 's/^.*[ ]\([ABCDGIRSTW][ABCDGIRSTW]*\)[ ][ ]*\([_A-Za-z][_A-Za-z0-9]*\)$/\1 \2 \2/p' | sed '/ __gnu_lto/d' \> conftest.nm
configure:5883: $? = 0
configure:5949: gcc -o conftest -g -O2   conftest.c conftstm.o >&5
configure:5952: $? = 0
configure:5990: result: ok
configure:6027: checking for sysroot
configure:6057: result: no
configure:6134: gcc -c -g -O2  conftest.c >&5
configure:6137: $? = 0
configure:6300: checking for mt
configure:6316: found /bin/mt
configure:6327: result: mt
configure:6350: checking if mt is a manifest tool
configure:6356: mt '-?'
configure:6364: result: no
configure:6996: checking how to run the C preprocessor
configure:7027: gcc -E  conftest.c
configure:7027: $? = 0
configure:7041: gcc -E  conftest.c
conftest.c:11:28: fatal error: ac_nonexistent.h: No such file or directory
compilation terminated.
configure:7041: $? = 1
configure: failed program was:
| /* confdefs.h */
| #define PACKAGE_NAME "Mide"
| #define PACKAGE_TARNAME "mide"
| #define PACKAGE_VERSION "0.1"
| #define PACKAGE_STRING "Mide 0.1"
| #define PACKAGE_BUGREPORT ""
| #define PACKAGE_URL ""
| #define PACKAGE "mide"
| #define VERSION "0.1"
| /* end confdefs.h.  */
| #include <ac_nonexistent.h>
configure:7066: result: gcc -E
configure:7086: gcc -E  conftest.c
configure:7086: $? = 0
configure:7100: gcc -E  conftest.c
conftest.c:11:28: fatal error: ac_nonexistent.h: No such file or directory
compilation terminated.
configure:7100: $? = 1
configure: failed program was:
| /* confdefs.h */
| #define PACKAGE_NAME "Mide"
| #define PACKAGE_TARNAME "mide"
| #define PACKAGE_VERSION "0.1"
| #define PACKAGE_STRING "Mide 0.1"
| #define PACKAGE_BUGREPORT ""
| #define PACKAGE_URL ""
| #define PACKAGE "mide"
| #define VERSION "0.1"
| /* end confdefs.h.  */
| #include <ac_nonexistent.h>
configure:7129: checking for ANSI C header files
configure:7149: gcc -c -g -O2  conftest.c >&5
configure:7149: $? = 0
configure:7222: gcc -o conftest -g -O2   conftest.c  >&5
configure:7222: $? = 0
configure:7222: ./conftest
configure:7222: $? = 0
configure:7233: result: yes
configure:7246: checking for sys/types.h
configure:7246: gcc -c -g -O2  conftest.c >&5
configure:7246: $? = 0
configure:7246: result: yes
configure:7246: checking for sys/stat.h
configure:7246: gcc -c -g -O2  conftest.c >&5
configure:7246: $? = 0
configure:7246: result: yes
configure:7246: checking for stdlib.h
configure:7246: gcc -c -g -O2  conftest.c >&5
configure:7246: $? = 0
configure:7246: result: yes
configure:7246: checking for string.h
configure:7246: gcc -c -g -O2  conftest.c >&5
configure:7246: $? = 0
configure:7246: result: yes
configure:7246: checking for memory.h
configure:7246: gcc -c -g -O2  conftest.c >&5
configure:7246: $? = 0
configure:7246: result: yes
configure:7246: checking for strings.h
configure:7246: gcc -c -g -O2  conftest.c >&5
configure:7246: $? = 0
configure:7246: result: yes
configure:7246: checking for inttypes.h
configure:7246: gcc -c -g -O2  conftest.c >&5
configure:7246: $? = 0
configure:7246: result: yes
configure:7246: checking for stdint.h
configure:7246: gcc -c -g -O2  conftest.c >&5
configure:7246: $? = 0
configure:7246: result: yes
configure:7246: checking for unistd.h
configure:7246: gcc -c -g -O2  conftest.c >&5
configure:7246: $? = 0
configure:7246: result: yes
configure:7260: checking for dlfcn.h
configure:7260: gcc -c -g -O2  conftest.c >&5
configure:7260: $? = 0
configure:7260: result: yes
configure:7447: checking for objdir
configure:7462: result: .libs
configure:7729: checking if gcc supports -fno-rtti -fno-exceptions
configure:7747: gcc -c -g -O2  -fno-rtti -fno-exceptions conftest.c >&5
cc1: warning: command line option '-fno-rtti' is valid for C++/ObjC++ but not for C [enabled by default]
configure:7751: $? = 0
configure:7764: result: no
configure:8074: checking for gcc option to produce PIC
configure:8081: result: -fPIC -DPIC
configure:8089: checking if gcc PIC flag -fPIC -DPIC works
configure:8107: gcc -c -g -O2  -fPIC -DPIC -DPIC conftest.c >&5
configure:8111: $? = 0
configure:8124: result: yes
configure:8153: checking if gcc static flag -static works
configure:8181: result: yes
configure:8196: checking if gcc supports -c -o file.o
configure:8217: gcc -c -g -O2  -o out/conftest2.o conftest.c >&5
configure:8221: $? = 0
configure:8243: result: yes
configure:8251: checking if gcc supports -c -o file.o
configure:8298: result: yes
configure:8331: checking whether the gcc linker (/usr/bin/ld -m elf_x86_64) supports shared libraries
configure:9493: result: yes
configure:9530: checking whether -lc should be explicitly linked in
configure:9538: gcc -c -g -O2  conftest.c >&5
configure:9541: $? = 0
configure:9556: gcc -shared  -fPIC -DPIC conftest.o  -v -Wl,-soname -Wl,conftest -o conftest 2\>\&1 \| /bin/grep  -lc  \>/dev/null 2\>\&1
configure:9559: $? = 0
configure:9573: result: no
configure:9738: checking dynamic linker characteristics
configure:10253: gcc -o conftest -g -O2   -Wl,-rpath -Wl,/foo conftest.c  >&5
configure:10253: $? = 0
configure:10487: result: GNU/Linux ld.so
configure:10594: checking how to hardcode library paths into programs
configure:10619: result: immediate
configure:11159: checking whether stripping libraries is possible
configure:11164: result: yes
configure:11199: checking if libtool supports shared libraries
configure:11201: result: yes
configure:11204: checking whether to build shared libraries
configure:11225: result: yes
configure:11228: checking whether to build static libraries
configure:11232: result: yes
configure:11317: checking for gcc
configure:11344: result: gcc
configure:11573: checking for C compiler version
configure:11582: gcc --version >&5
gcc (Ubuntu/Linaro 4.6.1-9ubuntu3) 4.6.1
Copyright (C) 2011 Free Software Foundation, Inc.
This is free software; see the source for copying conditions.  There is NO
warranty; not even for MERCHANTABILITY or FITNESS FOR A PARTICULAR PURPOSE.

configure:11593: $? = 0
configure:11582: gcc -v >&5
Using built-in specs.
COLLECT_GCC=gcc
COLLECT_LTO_WRAPPER=/usr/lib/gcc/x86_64-linux-gnu/4.6.1/lto-wrapper
Target: x86_64-linux-gnu
Configured with: ../src/configure -v --with-pkgversion='Ubuntu/Linaro 4.6.1-9ubuntu3' --with-bugurl=file:///usr/share/doc/gcc-4.6/README.Bugs --enable-languages=c,c++,fortran,objc,obj-c++,go --prefix=/usr --program-suffix=-4.6 --enable-shared --enable-linker-build-id --with-system-zlib --libexecdir=/usr/lib --without-included-gettext --enable-threads=posix --with-gxx-include-dir=/usr/include/c++/4.6 --libdir=/usr/lib --enable-nls --with-sysroot=/ --enable-clocale=gnu --enable-libstdcxx-debug --enable-libstdcxx-time=yes --enable-plugin --enable-objc-gc --disable-werror --with-arch-32=i686 --with-tune=generic --enable-checking=release --build=x86_64-linux-gnu --host=x86_64-linux-gnu --target=x86_64-linux-gnu
Thread model: posix
gcc version 4.6.1 (Ubuntu/Linaro 4.6.1-9ubuntu3) 
configure:11593: $? = 0
configure:11582: gcc -V >&5
gcc: error: unrecognized option '-V'
gcc: fatal error: no input files
compilation terminated.
configure:11593: $? = 4
configure:11582: gcc -qversion >&5
gcc: error: unrecognized option '-qversion'
gcc: fatal error: no input files
compilation terminated.
configure:11593: $? = 4
configure:11597: checking whether we are using the GNU C compiler
configure:11625: result: yes
configure:11634: checking whether gcc accepts -g
configure:11695: result: yes
configure:11712: checking for gcc option to accept ISO C89
configure:11789: result: none needed
configure:11811: checking dependency style of gcc
configure:11921: result: gcc3
configure:11994: checking for g++
configure:12010: found /usr/bin/g++
configure:12021: result: g++
configure:12048: checking for C++ compiler version
configure:12057: g++ --version >&5
g++ (Ubuntu/Linaro 4.6.1-9ubuntu3) 4.6.1
Copyright (C) 2011 Free Software Foundation, Inc.
This is free software; see the source for copying conditions.  There is NO
warranty; not even for MERCHANTABILITY or FITNESS FOR A PARTICULAR PURPOSE.

configure:12068: $? = 0
configure:12057: g++ -v >&5
Using built-in specs.
COLLECT_GCC=g++
COLLECT_LTO_WRAPPER=/usr/lib/gcc/x86_64-linux-gnu/4.6.1/lto-wrapper
Target: x86_64-linux-gnu
Configured with: ../src/configure -v --with-pkgversion='Ubuntu/Linaro 4.6.1-9ubuntu3' --with-bugurl=file:///usr/share/doc/gcc-4.6/README.Bugs --enable-languages=c,c++,fortran,objc,obj-c++,go --prefix=/usr --program-suffix=-4.6 --enable-shared --enable-linker-build-id --with-system-zlib --libexecdir=/usr/lib --without-included-gettext --enable-threads=posix --with-gxx-include-dir=/usr/include/c++/4.6 --libdir=/usr/lib --enable-nls --with-sysroot=/ --enable-clocale=gnu --enable-libstdcxx-debug --enable-libstdcxx-time=yes --enable-plugin --enable-objc-gc --disable-werror --with-arch-32=i686 --with-tune=generic --enable-checking=release --build=x86_64-linux-gnu --host=x86_64-linux-gnu --target=x86_64-linux-gnu
Thread model: posix
gcc version 4.6.1 (Ubuntu/Linaro 4.6.1-9ubuntu3) 
configure:12068: $? = 0
configure:12057: g++ -V >&5
g++: error: unrecognized option '-V'
g++: fatal error: no input files
compilation terminated.
configure:12068: $? = 4
configure:12057: g++ -qversion >&5
g++: error: unrecognized option '-qversion'
g++: fatal error: no input files
compilation terminated.
configure:12068: $? = 4
configure:12072: checking whether we are using the GNU C++ compiler
configure:12091: g++ -c   conftest.cpp >&5
configure:12091: $? = 0
configure:12100: result: yes
configure:12109: checking whether g++ accepts -g
configure:12129: g++ -c -g  conftest.cpp >&5
configure:12129: $? = 0
configure:12170: result: yes
configure:12195: checking dependency style of g++
configure:12305: result: gcc3
configure:12338: checking how to run the C++ preprocessor
configure:12365: g++ -E  conftest.cpp
configure:12365: $? = 0
configure:12379: g++ -E  conftest.cpp
conftest.cpp:23:28: fatal error: ac_nonexistent.h: No such file or directory
compilation terminated.
configure:12379: $? = 1
configure: failed program was:
| /* confdefs.h */
| #define PACKAGE_NAME "Mide"
| #define PACKAGE_TARNAME "mide"
| #define PACKAGE_VERSION "0.1"
| #define PACKAGE_STRING "Mide 0.1"
| #define PACKAGE_BUGREPORT ""
| #define PACKAGE_URL ""
| #define PACKAGE "mide"
| #define VERSION "0.1"
| #define STDC_HEADERS 1
| #define HAVE_SYS_TYPES_H 1
| #define HAVE_SYS_STAT_H 1
| #define HAVE_STDLIB_H 1
| #define HAVE_STRING_H 1
| #define HAVE_MEMORY_H 1
| #define HAVE_STRINGS_H 1
| #define HAVE_INTTYPES_H 1
| #define HAVE_STDINT_H 1
| #define HAVE_UNISTD_H 1
| #define HAVE_DLFCN_H 1
| #define LT_OBJDIR ".libs/"
| /* end confdefs.h.  */
| #include <ac_nonexistent.h>
configure:12404: result: g++ -E
configure:12424: g++ -E  conftest.cpp
configure:12424: $? = 0
configure:12438: g++ -E  conftest.cpp
conftest.cpp:23:28: fatal error: ac_nonexistent.h: No such file or directory
compilation terminated.
configure:12438: $? = 1
configure: failed program was:
| /* confdefs.h */
| #define PACKAGE_NAME "Mide"
| #define PACKAGE_TARNAME "mide"
| #define PACKAGE_VERSION "0.1"
| #define PACKAGE_STRING "Mide 0.1"
| #define PACKAGE_BUGREPORT ""
| #define PACKAGE_URL ""
| #define PACKAGE "mide"
| #define VERSION "0.1"
| #define STDC_HEADERS 1
| #define HAVE_SYS_TYPES_H 1
| #define HAVE_SYS_STAT_H 1
| #define HAVE_STDLIB_H 1
| #define HAVE_STRING_H 1
| #define HAVE_MEMORY_H 1
| #define HAVE_STRINGS_H 1
| #define HAVE_INTTYPES_H 1
| #define HAVE_STDINT_H 1
| #define HAVE_UNISTD_H 1
| #define HAVE_DLFCN_H 1
| #define LT_OBJDIR ".libs/"
| /* end confdefs.h.  */
| #include <ac_nonexistent.h>
configure:12608: checking for ld used by g++
configure:12675: result: /usr/bin/ld -m elf_x86_64
configure:12682: checking if the linker (/usr/bin/ld -m elf_x86_64) is GNU ld
configure:12697: result: yes
configure:12752: checking whether the g++ linker (/usr/bin/ld -m elf_x86_64) supports shared libraries
configure:13756: result: yes
configure:13791: g++ -c -g -O2  conftest.cpp >&5
configure:13794: $? = 0
configure:14314: checking for g++ option to produce PIC
configure:14321: result: -fPIC -DPIC
configure:14329: checking if g++ PIC flag -fPIC -DPIC works
configure:14347: g++ -c -g -O2  -fPIC -DPIC -DPIC conftest.cpp >&5
configure:14351: $? = 0
configure:14364: result: yes
configure:14387: checking if g++ static flag -static works
configure:14415: result: yes
configure:14427: checking if g++ supports -c -o file.o
configure:14448: g++ -c -g -O2  -o out/conftest2.o conftest.cpp >&5
configure:14452: $? = 0
configure:14474: result: yes
configure:14479: checking if g++ supports -c -o file.o
configure:14526: result: yes
configure:14556: checking whether the g++ linker (/usr/bin/ld -m elf_x86_64) supports shared libraries
configure:14593: result: yes
configure:14736: checking dynamic linker characteristics
configure:15419: result: GNU/Linux ld.so
configure:15472: checking how to hardcode library paths into programs
configure:15497: result: immediate
configure:15592: checking for pkg-config
configure:15610: found /usr/bin/pkg-config
configure:15622: result: /usr/bin/pkg-config
configure:15647: checking pkg-config is at least version 0.9.0
configure:15650: result: yes
configure:15660: checking for CLUTTER
configure:15667: $PKG_CONFIG --exists --print-errors "clutter-1.0 >= 1.8.0"
configure:15670: $? = 0
configure:15684: $PKG_CONFIG --exists --print-errors "clutter-1.0 >= 1.8.0"
configure:15687: $? = 0
configure:15745: result: yes
configure:15930: creating ./config.status

## ---------------------- ##
## Running config.status. ##
## ---------------------- ##

This file was extended by Mide config.status 0.1, which was
generated by GNU Autoconf 2.68.  Invocation command line was

  CONFIG_FILES    = 
  CONFIG_HEADERS  = 
  CONFIG_LINKS    = 
  CONFIG_COMMANDS = 
  $ ./config.status 

on bijan-P5KC

config.status:1083: creating Makefile
config.status:1083: creating Source/Makefile
config.status:1255: executing depfiles commands
config.status:1255: executing libtool commands

## ---------------- ##
## Cache variables. ##
## ---------------- ##

ac_cv_build=x86_64-unknown-linux-gnu
ac_cv_c_compiler_gnu=yes
ac_cv_cxx_compiler_gnu=yes
ac_cv_env_CCC_set=
ac_cv_env_CCC_value=
ac_cv_env_CC_set=
ac_cv_env_CC_value=
ac_cv_env_CFLAGS_set=
ac_cv_env_CFLAGS_value=
ac_cv_env_CLUTTER_CFLAGS_set=
ac_cv_env_CLUTTER_CFLAGS_value=
ac_cv_env_CLUTTER_LIBS_set=
ac_cv_env_CLUTTER_LIBS_value=
ac_cv_env_CPPFLAGS_set=
ac_cv_env_CPPFLAGS_value=
ac_cv_env_CPP_set=
ac_cv_env_CPP_value=
ac_cv_env_CXXCPP_set=
ac_cv_env_CXXCPP_value=
ac_cv_env_CXXFLAGS_set=
ac_cv_env_CXXFLAGS_value=
ac_cv_env_CXX_set=
ac_cv_env_CXX_value=
ac_cv_env_LDFLAGS_set=
ac_cv_env_LDFLAGS_value=
ac_cv_env_LIBS_set=
ac_cv_env_LIBS_value=
ac_cv_env_PKG_CONFIG_LIBDIR_set=
ac_cv_env_PKG_CONFIG_LIBDIR_value=
ac_cv_env_PKG_CONFIG_PATH_set=
ac_cv_env_PKG_CONFIG_PATH_value=
ac_cv_env_PKG_CONFIG_set=
ac_cv_env_PKG_CONFIG_value=
ac_cv_env_build_alias_set=
ac_cv_env_build_alias_value=
ac_cv_env_host_alias_set=
ac_cv_env_host_alias_value=
ac_cv_env_target_alias_set=
ac_cv_env_target_alias_value=
ac_cv_header_dlfcn_h=yes
ac_cv_header_inttypes_h=yes
ac_cv_header_memory_h=yes
ac_cv_header_stdc=yes
ac_cv_header_stdint_h=yes
ac_cv_header_stdlib_h=yes
ac_cv_header_string_h=yes
ac_cv_header_strings_h=yes
ac_cv_header_sys_stat_h=yes
ac_cv_header_sys_types_h=yes
ac_cv_header_unistd_h=yes
ac_cv_host=x86_64-unknown-linux-gnu
ac_cv_objext=o
ac_cv_path_EGREP='/bin/grep -E'
ac_cv_path_FGREP='/bin/grep -F'
ac_cv_path_GREP=/bin/grep
ac_cv_path_SED=/bin/sed
ac_cv_path_ac_pt_PKG_CONFIG=/usr/bin/pkg-config
ac_cv_path_install='/usr/bin/install -c'
ac_cv_path_mkdir=/bin/mkdir
ac_cv_prog_AWK=mawk
ac_cv_prog_CPP='gcc -E'
ac_cv_prog_CXXCPP='g++ -E'
ac_cv_prog_ac_ct_AR=ar
ac_cv_prog_ac_ct_CC=gcc
ac_cv_prog_ac_ct_CXX=g++
ac_cv_prog_ac_ct_MANIFEST_TOOL=mt
ac_cv_prog_ac_ct_OBJDUMP=objdump
ac_cv_prog_ac_ct_RANLIB=ranlib
ac_cv_prog_ac_ct_STRIP=strip
ac_cv_prog_cc_c89=
ac_cv_prog_cc_g=yes
ac_cv_prog_cxx_g=yes
ac_cv_prog_make_make_set=yes
am_cv_CC_dependencies_compiler_type=gcc3
am_cv_CXX_dependencies_compiler_type=gcc3
lt_cv_ar_at_file=@
lt_cv_archive_cmds_need_lc=no
lt_cv_deplibs_check_method=pass_all
lt_cv_file_magic_cmd='$MAGIC_CMD'
lt_cv_file_magic_test_file=
lt_cv_ld_reload_flag=-r
lt_cv_nm_interface='BSD nm'
lt_cv_objdir=.libs
lt_cv_path_LD=/usr/bin/ld
lt_cv_path_LDCXX='/usr/bin/ld -m elf_x86_64'
lt_cv_path_NM='/usr/bin/nm -B'
lt_cv_path_mainfest_tool=no
lt_cv_prog_compiler_c_o=yes
lt_cv_prog_compiler_c_o_CXX=yes
lt_cv_prog_compiler_pic='-fPIC -DPIC'
lt_cv_prog_compiler_pic_CXX='-fPIC -DPIC'
lt_cv_prog_compiler_pic_works=yes
lt_cv_prog_compiler_pic_works_CXX=yes
lt_cv_prog_compiler_rtti_exceptions=no
lt_cv_prog_compiler_static_works=yes
lt_cv_prog_compiler_static_works_CXX=yes
lt_cv_prog_gnu_ld=yes
lt_cv_prog_gnu_ldcxx=yes
lt_cv_sharedlib_from_linklib_cmd='printf %s\n'
lt_cv_shlibpath_overrides_runpath=no
lt_cv_sys_global_symbol_pipe='sed -n -e '\''s/^.*[	 ]\([ABCDGIRSTW][ABCDGIRSTW]*\)[	 ][	 ]*\([_A-Za-z][_A-Za-z0-9]*\)$/\1 \2 \2/p'\'' | sed '\''/ __gnu_lto/d'\'''
lt_cv_sys_global_symbol_to_c_name_address='sed -n -e '\''s/^: \([^ ]*\)[ ]*$/  {\"\1\", (void *) 0},/p'\'' -e '\''s/^[ABCDGIRSTW]* \([^ ]*\) \([^ ]*\)$/  {"\2", (void *) \&\2},/p'\'''
lt_cv_sys_global_symbol_to_c_name_address_lib_prefix='sed -n -e '\''s/^: \([^ ]*\)[ ]*$/  {\"\1\", (void *) 0},/p'\'' -e '\''s/^[ABCDGIRSTW]* \([^ ]*\) \(lib[^ ]*\)$/  {"\2", (void *) \&\2},/p'\'' -e '\''s/^[ABCDGIRSTW]* \([^ ]*\) \([^ ]*\)$/  {"lib\2", (void *) \&\2},/p'\'''
lt_cv_sys_global_symbol_to_cdecl='sed -n -e '\''s/^T .* \(.*\)$/extern int \1();/p'\'' -e '\''s/^[ABCDGIRSTW]* .* \(.*\)$/extern char \1;/p'\'''
lt_cv_sys_max_cmd_len=1572864
lt_cv_to_host_file_cmd=func_convert_file_noop
lt_cv_to_tool_file_cmd=func_convert_file_noop
pkg_cv_CLUTTER_CFLAGS='-pthread -I/usr/include/clutter-1.0 -I/usr/include/cogl -I/usr/include/cairo -I/usr/include/atk-1.0 -I/usr/include/pango-1.0 -I/usr/include/libdrm -I/usr/include/gdk-pixbuf-2.0 -I/usr/include/libpng12 -I/usr/include/glib-2.0 -I/usr/lib/x86_64-linux-gnu/glib-2.0/include -I/usr/include/pixman-1 -I/usr/include/freetype2 -I/usr/include/json-glib-1.0  '
pkg_cv_CLUTTER_LIBS='-pthread -lclutter-glx-1.0 -lcairo-gobject -latk-1.0 -lpangocairo-1.0 -lcogl-pango -ljson-glib-1.0 -lGL -lpangoft2-1.0 -lXi -lcairo -lcogl -lgdk_pixbuf-2.0 -ldrm -lX11 -lXext -lXdamage -lXcomposite -lgio-2.0 -lpango-1.0 -lfreetype -lfontconfig -lgobject-2.0 -lgmodule-2.0 -lgthread-2.0 -lrt -lglib-2.0 -lXfixes  '

## ----------------- ##
## Output variables. ##
## ----------------- ##

ACLOCAL='${SHELL} /home/bijan/Source/Clutter/Test/missing --run aclocal-1.11'
AMDEPBACKSLASH='\'
AMDEP_FALSE='#'
AMDEP_TRUE=''
AMTAR='${SHELL} /home/bijan/Source/Clutter/Test/missing --run tar'
AR='ar'
AUTOCONF='${SHELL} /home/bijan/Source/Clutter/Test/missing --run autoconf'
AUTOHEADER='${SHELL} /home/bijan/Source/Clutter/Test/missing --run autoheader'
AUTOMAKE='${SHELL} /home/bijan/Source/Clutter/Test/missing --run automake-1.11'
AWK='mawk'
CC='gcc'
CCDEPMODE='depmode=gcc3'
CFLAGS='-g -O2'
CLUTTER_CFLAGS='-pthread -I/usr/include/clutter-1.0 -I/usr/include/cogl -I/usr/include/cairo -I/usr/include/atk-1.0 -I/usr/include/pango-1.0 -I/usr/include/libdrm -I/usr/include/gdk-pixbuf-2.0 -I/usr/include/libpng12 -I/usr/include/glib-2.0 -I/usr/lib/x86_64-linux-gnu/glib-2.0/include -I/usr/include/pixman-1 -I/usr/include/freetype2 -I/usr/include/json-glib-1.0  '
CLUTTER_LIBS='-pthread -lclutter-glx-1.0 -lcairo-gobject -latk-1.0 -lpangocairo-1.0 -lcogl-pango -ljson-glib-1.0 -lGL -lpangoft2-1.0 -lXi -lcairo -lcogl -lgdk_pixbuf-2.0 -ldrm -lX11 -lXext -lXdamage -lXcomposite -lgio-2.0 -lpango-1.0 -lfreetype -lfontconfig -lgobject-2.0 -lgmodule-2.0 -lgthread-2.0 -lrt -lglib-2.0 -lXfixes  '
CPP='gcc -E'
CPPFLAGS=''
CXX='g++'
CXXCPP='g++ -E'
CXXDEPMODE='depmode=gcc3'
CXXFLAGS='-g -O2'
CYGPATH_W='echo'
DEFS='-DPACKAGE_NAME=\"Mide\" -DPACKAGE_TARNAME=\"mide\" -DPACKAGE_VERSION=\"0.1\" -DPACKAGE_STRING=\"Mide\ 0.1\" -DPACKAGE_BUGREPORT=\"\" -DPACKAGE_URL=\"\" -DPACKAGE=\"mide\" -DVERSION=\"0.1\" -DSTDC_HEADERS=1 -DHAVE_SYS_TYPES_H=1 -DHAVE_SYS_STAT_H=1 -DHAVE_STDLIB_H=1 -DHAVE_STRING_H=1 -DHAVE_MEMORY_H=1 -DHAVE_STRINGS_H=1 -DHAVE_INTTYPES_H=1 -DHAVE_STDINT_H=1 -DHAVE_UNISTD_H=1 -DHAVE_DLFCN_H=1 -DLT_OBJDIR=\".libs/\"'
DEPDIR='.deps'
DLLTOOL='false'
DSYMUTIL=''
DUMPBIN=''
ECHO_C=''
ECHO_N='-n'
ECHO_T=''
EGREP='/bin/grep -E'
EXEEXT=''
FGREP='/bin/grep -F'
GREP='/bin/grep'
INSTALL_DATA='${INSTALL} -m 644'
INSTALL_PROGRAM='${INSTALL}'
INSTALL_SCRIPT='${INSTALL}'
INSTALL_STRIP_PROGRAM='$(install_sh) -c -s'
LD='/usr/bin/ld -m elf_x86_64'
LDFLAGS=''
LIBOBJS=''
LIBS=''
LIBTOOL='$(SHELL) $(top_builddir)/libtool'
LIPO=''
LN_S='ln -s'
LTLIBOBJS=''
MAKEINFO='${SHELL} /home/bijan/Source/Clutter/Test/missing --run makeinfo'
MANIFEST_TOOL=':'
MKDIR_P='/bin/mkdir -p'
NM='/usr/bin/nm -B'
NMEDIT=''
OBJDUMP='objdump'
OBJEXT='o'
OTOOL64=''
OTOOL=''
PACKAGE='mide'
PACKAGE_BUGREPORT=''
PACKAGE_NAME='Mide'
PACKAGE_STRING='Mide 0.1'
PACKAGE_TARNAME='mide'
PACKAGE_URL=''
PACKAGE_VERSION='0.1'
PATH_SEPARATOR=':'
PKG_CONFIG='/usr/bin/pkg-config'
PKG_CONFIG_LIBDIR=''
PKG_CONFIG_PATH=''
RANLIB='ranlib'
SED='/bin/sed'
SET_MAKE=''
SHELL='/bin/bash'
STRIP='strip'
VERSION='0.1'
ac_ct_AR='ar'
ac_ct_CC='gcc'
ac_ct_CXX='g++'
ac_ct_DUMPBIN=''
am__EXEEXT_FALSE=''
am__EXEEXT_TRUE='#'
am__fastdepCC_FALSE='#'
am__fastdepCC_TRUE=''
am__fastdepCXX_FALSE='#'
am__fastdepCXX_TRUE=''
am__include='include'
am__isrc=''
am__leading_dot='.'
am__quote=''
am__tar='${AMTAR} chof - "$$tardir"'
am__untar='${AMTAR} xf -'
bindir='${exec_prefix}/bin'
build='x86_64-unknown-linux-gnu'
build_alias=''
build_cpu='x86_64'
build_os='linux-gnu'
build_vendor='unknown'
datadir='${datarootdir}'
datarootdir='${prefix}/share'
docdir='${datarootdir}/doc/${PACKAGE_TARNAME}'
dvidir='${docdir}'
exec_prefix='${prefix}'
host='x86_64-unknown-linux-gnu'
host_alias=''
host_cpu='x86_64'
host_os='linux-gnu'
host_vendor='unknown'
htmldir='${docdir}'
includedir='${prefix}/include'
infodir='${datarootdir}/info'
install_sh='${SHELL} /home/bijan/Source/Clutter/Test/install-sh'
libdir='${exec_prefix}/lib'
libexecdir='${exec_prefix}/libexec'
localedir='${datarootdir}/locale'
localstatedir='${prefix}/var'
mandir='${datarootdir}/man'
mkdir_p='/bin/mkdir -p'
oldincludedir='/usr/include'
pdfdir='${docdir}'
prefix='/usr/local'
program_transform_name='s,x,x,'
psdir='${docdir}'
sbindir='${exec_prefix}/sbin'
sharedstatedir='${prefix}/com'
sysconfdir='${prefix}/etc'
target_alias=''

## ----------- ##
## confdefs.h. ##
## ----------- ##

/* confdefs.h */
#define PACKAGE_NAME "Mide"
#define PACKAGE_TARNAME "mide"
#define PACKAGE_VERSION "0.1"
#define PACKAGE_STRING "Mide 0.1"
#define PACKAGE_BUGREPORT ""
#define PACKAGE_URL ""
#define PACKAGE "mide"
#define VERSION "0.1"
#define STDC_HEADERS 1
#define HAVE_SYS_TYPES_H 1
#define HAVE_SYS_STAT_H 1
#define HAVE_STDLIB_H 1
#define HAVE_STRING_H 1
#define HAVE_MEMORY_H 1
#define HAVE_STRINGS_H 1
#define HAVE_INTTYPES_H 1
#define HAVE_STDINT_H 1
#define HAVE_UNISTD_H 1
#define HAVE_DLFCN_H 1
#define LT_OBJDIR ".libs/"

configure: exit 0
